-------------------------------------------------------------------------------
Test set: com.quantity.QuantityMeasurementAppTest
-------------------------------------------------------------------------------
Tests run: 12, Failures: 2, Errors: 0, Skipped: 0, Time elapsed: 0.093 s <<< FAILURE! -- in com.quantity.QuantityMeasurementAppTest
com.quantity.QuantityMeasurementAppTest.testEquality_NonNumericInput -- Time elapsed: 0.033 s <<< FAILURE!
org.opentest4j.AssertionFailedError: Expected java.lang.IllegalArgumentException to be thrown, but nothing was thrown.
	at org.junit.jupiter.api.AssertionFailureBuilder.build(AssertionFailureBuilder.java:152)
	at org.junit.jupiter.api.AssertThrows.assertThrows(AssertThrows.java:73)
	at org.junit.jupiter.api.AssertThrows.assertThrows(AssertThrows.java:35)
	at org.junit.jupiter.api.Assertions.assertThrows(Assertions.java:3115)
	at com.quantity.QuantityMeasurementAppTest.testEquality_NonNumericInput(QuantityMeasurementAppTest.java:98)
	at java.base/java.lang.reflect.Method.invoke(Method.java:580)
	at java.base/java.util.ArrayList.forEach(ArrayList.java:1597)
	at java.base/java.util.ArrayList.forEach(ArrayList.java:1597)

com.quantity.QuantityMeasurementAppTest.testEquality_FloatingPointPrecision -- Time elapsed: 0.004 s <<< FAILURE!
org.opentest4j.AssertionFailedError: Values equal within floating precision should be equal ==> expected: <com.quantity.QuantityMeasurement$Inches@3ff00000> but was: <com.quantity.QuantityMeasurement$Inches@3ff00005>
	at org.junit.jupiter.api.AssertionFailureBuilder.build(AssertionFailureBuilder.java:151)
	at org.junit.jupiter.api.AssertionFailureBuilder.buildAndThrow(AssertionFailureBuilder.java:132)
	at org.junit.jupiter.api.AssertEquals.failNotEqual(AssertEquals.java:197)
	at org.junit.jupiter.api.AssertEquals.assertEquals(AssertEquals.java:182)
	at org.junit.jupiter.api.Assertions.assertEquals(Assertions.java:1156)
	at com.quantity.QuantityMeasurementAppTest.testEquality_FloatingPointPrecision(QuantityMeasurementAppTest.java:112)
	at java.base/java.lang.reflect.Method.invoke(Method.java:580)
	at java.base/java.util.ArrayList.forEach(ArrayList.java:1597)
	at java.base/java.util.ArrayList.forEach(ArrayList.java:1597)

