<?xml version="1.0" encoding="UTF-8"?>
<testsuite xmlns:xsi="http://www.w3.org/2001/XMLSchema-instance" xsi:noNamespaceSchemaLocation="https://maven.apache.org/surefire/maven-surefire-plugin/xsd/surefire-test-report-3.0.xsd" version="3.0" name="com.quantity.QuantityMeasurementAppTest" time="0.261" tests="75" errors="0" skipped="0" failures="0">
  <properties>
[...]
</properties>
  <testcase name="testAddition_ExplicitTargetUnit_SameAsFirstOperand" classname="com.quantity.QuantityMeasurementAppTest" time="0.043">
    <system-out><![CDATA[3.0 yard
]]></system-out>
  </testcase>
  <testcase name="testEquality_YardToFeet_NonEquivalentValue" classname="com.quantity.QuantityMeasurementAppTest" time="0.002"/>
  <testcase name="testEquality_CentimetersToInches_EquivalentValue" classname="com.quantity.QuantityMeasurementAppTest" time="0.001"/>
  <testcase name="testEquality_FeetToYard_EquivalentValue" classname="com.quantity.QuantityMeasurementAppTest" time="0.001"/>
  <testcase name="testAddition_ExplicitTargetUnit_Feet" classname="com.quantity.QuantityMeasurementAppTest" time="0.002">
    <system-out><![CDATA[2.0 feet
]]></system-out>
  </testcase>
  <testcase name="testEquality_SameReference_Feet_Length" classname="com.quantity.QuantityMeasurementAppTest" time="0.002"/>
  <testcase name="testAddition_ExplicitTargetUnit_SmallToLargeScale" classname="com.quantity.QuantityMeasurementAppTest" time="0.002">
    <system-out><![CDATA[0.6666666666666666 yard
]]></system-out>
  </testcase>
  <testcase name="testConversion_PrecisionTolerance" classname="com.quantity.QuantityMeasurementAppTest" time="0.002"/>
  <testcase name="testAddition_ExplicitTargetUnit_Commutativity" classname="com.quantity.QuantityMeasurementAppTest" time="0.001">
    <system-out><![CDATA[0.6666666666666666 yard
0.6666666666666666 yard
]]></system-out>
  </testcase>
  <testcase name="testEquality_InchToInch_SameValue" classname="com.quantity.QuantityMeasurementAppTest" time="0.002"/>
  <testcase name="testAddition_ExplicitTargetUnit_NullTargetUnit" classname="com.quantity.QuantityMeasurementAppTest" time="0.003"/>
  <testcase name="testEquality_AllUnits_ComplexScenario" classname="com.quantity.QuantityMeasurementAppTest" time="0.001"/>
  <testcase name="testEquality_CentimetersNullComparison" classname="com.quantity.QuantityMeasurementAppTest" time="0.0"/>
  <testcase name="testEquality_FeetToFeet_DifferentValue" classname="com.quantity.QuantityMeasurementAppTest" time="0.001"/>
  <testcase name="testAddition_ExplicitTargetUnit_LargeToSmallScale" classname="com.quantity.QuantityMeasurementAppTest" time="0.001">
    <system-out><![CDATA[18000.0 inch
]]></system-out>
  </testcase>
  <testcase name="testEquality_NonNumericInput" classname="com.quantity.QuantityMeasurementAppTest" time="0.001"/>
  <testcase name="testConversion_InvalidUnit_Throws" classname="com.quantity.QuantityMeasurementAppTest" time="0.002"/>
  <testcase name="testAddition_NullSecondOperand" classname="com.quantity.QuantityMeasurementAppTest" time="0.001"/>
  <testcase name="testEquality_NonNumericInput1" classname="com.quantity.QuantityMeasurementAppTest" time="0.002"/>
  <testcase name="testConversion_ZeroValue" classname="com.quantity.QuantityMeasurementAppTest" time="0.0"/>
  <testcase name="testAddition_ExplicitTargetUnit_PrecisionTolerance" classname="com.quantity.QuantityMeasurementAppTest" time="0.0">
    <system-out><![CDATA[37.968503937 inch
3.6640419947500003 feet
]]></system-out>
  </testcase>
  <testcase name="testEquality_CentimetersSameReference" classname="com.quantity.QuantityMeasurementAppTest" time="0.0"/>
  <testcase name="testEquality_NullUnit" classname="com.quantity.QuantityMeasurementAppTest" time="0.001"/>
  <testcase name="testEquality_YardWithNullUnit" classname="com.quantity.QuantityMeasurementAppTest" time="0.002"/>
  <testcase name="testEquality_YardToInches_EquivalentValue" classname="com.quantity.QuantityMeasurementAppTest" time="0.0"/>
  <testcase name="testConversion_NegativeValue" classname="com.quantity.QuantityMeasurementAppTest" time="0.0"/>
  <testcase name="testAddition_ExplicitTargetUnit_WithZero" classname="com.quantity.QuantityMeasurementAppTest" time="0.001">
    <system-out><![CDATA[1.6666666666666667 yard
]]></system-out>
  </testcase>
  <testcase name="testEquality_InchToFeet_EquivalentValue" classname="com.quantity.QuantityMeasurementAppTest" time="0.001"/>
  <testcase name="testAddition_SameUnit_InchPlusInch" classname="com.quantity.QuantityMeasurementAppTest" time="0.001"/>
  <testcase name="testEquality_YardToFeet_EquivalentValue" classname="com.quantity.QuantityMeasurementAppTest" time="0.0"/>
  <testcase name="testEquality_CentimetersWithNullUnit" classname="com.quantity.QuantityMeasurementAppTest" time="0.001"/>
  <testcase name="testAddition_ExplicitTargetUnit_Centimeters" classname="com.quantity.QuantityMeasurementAppTest" time="0.001">
    <system-out><![CDATA[5.080000000020321 centimeters
]]></system-out>
  </testcase>
  <testcase name="testAddition_CrossUnit_FeetPlusInches" classname="com.quantity.QuantityMeasurementAppTest" time="0.001"/>
  <testcase name="testConversion_RoundTrip_PreservesValue" classname="com.quantity.QuantityMeasurementAppTest" time="0.001"/>
  <testcase name="testEquality_CentimetersToFeet_NonEquivalentValue" classname="com.quantity.QuantityMeasurementAppTest" time="0.002"/>
  <testcase name="testAddition_NegativeValues" classname="com.quantity.QuantityMeasurementAppTest" time="0.001"/>
  <testcase name="testEquality_InchesToYard_EquivalentValue" classname="com.quantity.QuantityMeasurementAppTest" time="0.001"/>
  <testcase name="testEquality_YardSameReference" classname="com.quantity.QuantityMeasurementAppTest" time="0.001"/>
  <testcase name="testEquality_NullComparison_Feet_Length" classname="com.quantity.QuantityMeasurementAppTest" time="0.001"/>
  <testcase name="testAddition_Commutativity" classname="com.quantity.QuantityMeasurementAppTest" time="0.001"/>
  <testcase name="testEquality_FeetToFeet_SameValue" classname="com.quantity.QuantityMeasurementAppTest" time="0.001"/>
  <testcase name="testAddition_LargeValues" classname="com.quantity.QuantityMeasurementAppTest" time="0.001"/>
  <testcase name="testAddition_CrossUnit_YardPlusFeet" classname="com.quantity.QuantityMeasurementAppTest" time="0.001"/>
  <testcase name="testEquality_YardToYard_SameValue" classname="com.quantity.QuantityMeasurementAppTest" time="0.0"/>
  <testcase name="testEquality_YardToYard_DifferentValue" classname="com.quantity.QuantityMeasurementAppTest" time="0.0"/>
  <testcase name="testAddition_ExplicitTargetUnit_Inches" classname="com.quantity.QuantityMeasurementAppTest" time="0.001">
    <system-out><![CDATA[24.0 inch
]]></system-out>
  </testcase>
  <testcase name="testConversion_FeetToInches" classname="com.quantity.QuantityMeasurementAppTest" time="0.001"/>
  <testcase name="testEquality_MultiUnit_TransitiveProperty" classname="com.quantity.QuantityMeasurementAppTest" time="0.001"/>
  <testcase name="testAddition_CrossUnit_CentimeterPlusInch" classname="com.quantity.QuantityMeasurementAppTest" time="0.001"/>
  <testcase name="testAddition_CrossUnit_InchPlusFeet" classname="com.quantity.QuantityMeasurementAppTest" time="0.001"/>
  <testcase name="testEquality_NullComparison1" classname="com.quantity.QuantityMeasurementAppTest" time="0.001"/>
  <testcase name="testAddition_SmallValues" classname="com.quantity.QuantityMeasurementAppTest" time="0.002"/>
  <testcase name="testEquality_SameValue" classname="com.quantity.QuantityMeasurementAppTest" time="0.002"/>
  <testcase name="testEquality_YardNullComparison" classname="com.quantity.QuantityMeasurementAppTest" time="0.001"/>
  <testcase name="testAddition_ExplicitTargetUnit_AllUnitCombinations" classname="com.quantity.QuantityMeasurementAppTest" time="0.043">
    <system-out><![CDATA[0.0 feet
0.0 inch
0.0 yard
0.0 centimeters
1.0 feet
12.0 inch
0.3333333333333333 yard
30.480000000121922 centimeters
2.5 feet
30.0 inch
0.8333333333333334 yard
76.20000000030481 centimeters
12.0 feet
144.0 inch
4.0 yard
365.7600000014631 centimeters
100.0 feet
1200.0 inch
33.333333333333336 yard
3048.0000000121922 centimeters
1.0 feet
12.0 inch
0.3333333333333333 yard
30.480000000121922 centimeters
2.0 feet
24.0 inch
0.6666666666666666 yard
60.960000000243845 centimeters
3.5 feet
42.0 inch
1.1666666666666667 yard
106.68000000042673 centimeters
13.0 feet
156.0 inch
4.333333333333333 yard
396.240000001585 centimeters
101.0 feet
1212.0 inch
33.666666666666664 yard
3078.480000012314 centimeters
2.5 feet
30.0 inch
0.8333333333333334 yard
76.20000000030481 centimeters
3.5 feet
42.0 inch
1.1666666666666667 yard
106.68000000042673 centimeters
5.0 feet
60.0 inch
1.6666666666666667 yard
152.40000000060962 centimeters
14.5 feet
174.0 inch
4.833333333333333 yard
441.96000000176787 centimeters
102.5 feet
1230.0 inch
34.166666666666664 yard
3124.200000012497 centimeters
12.0 feet
144.0 inch
4.0 yard
365.7600000014631 centimeters
13.0 feet
156.0 inch
4.333333333333333 yard
396.240000001585 centimeters
14.5 feet
174.0 inch
4.833333333333333 yard
441.96000000176787 centimeters
24.0 feet
288.0 inch
8.0 yard
731.5200000029262 centimeters
112.0 feet
1344.0 inch
37.333333333333336 yard
3413.7600000136554 centimeters
100.0 feet
1200.0 inch
33.333333333333336 yard
3048.0000000121922 centimeters
101.0 feet
1212.0 inch
33.666666666666664 yard
3078.480000012314 centimeters
102.5 feet
1230.0 inch
34.166666666666664 yard
3124.200000012497 centimeters
112.0 feet
1344.0 inch
37.333333333333336 yard
3413.7600000136554 centimeters
200.0 feet
2400.0 inch
66.66666666666667 yard
6096.0000000243845 centimeters
0.0 feet
0.0 inch
0.0 yard
0.0 centimeters
0.08333333333333333 feet
1.0 inch
0.027777777777777776 yard
2.5400000000101604 centimeters
0.20833333333333334 feet
2.5 inch
0.06944444444444445 yard
6.350000000025401 centimeters
1.0 feet
12.0 inch
0.3333333333333333 yard
30.480000000121922 centimeters
8.333333333333334 feet
100.0 inch
2.7777777777777777 yard
254.00000000101602 centimeters
1.0 feet
12.0 inch
0.3333333333333333 yard
30.480000000121922 centimeters
1.0833333333333333 feet
13.0 inch
0.3611111111111111 yard
33.02000000013208 centimeters
1.2083333333333333 feet
14.5 inch
0.4027777777777778 yard
36.83000000014732 centimeters
2.0 feet
24.0 inch
0.6666666666666666 yard
60.960000000243845 centimeters
9.333333333333334 feet
112.0 inch
3.111111111111111 yard
284.48000000113797 centimeters
2.5 feet
30.0 inch
0.8333333333333334 yard
76.20000000030481 centimeters
2.5833333333333335 feet
31.0 inch
0.8611111111111112 yard
78.74000000031496 centimeters
2.7083333333333335 feet
32.5 inch
0.9027777777777778 yard
82.5500000003302 centimeters
3.5 feet
42.0 inch
1.1666666666666667 yard
106.68000000042673 centimeters
10.833333333333334 feet
130.0 inch
3.611111111111111 yard
330.2000000013208 centimeters
12.0 feet
144.0 inch
4.0 yard
365.7600000014631 centimeters
12.083333333333334 feet
145.0 inch
4.027777777777778 yard
368.3000000014732 centimeters
12.208333333333334 feet
146.5 inch
4.069444444444445 yard
372.11000000148846 centimeters
13.0 feet
156.0 inch
4.333333333333333 yard
396.240000001585 centimeters
20.333333333333332 feet
244.0 inch
6.777777777777778 yard
619.760000002479 centimeters
100.0 feet
1200.0 inch
33.333333333333336 yard
3048.0000000121922 centimeters
100.08333333333333 feet
1201.0 inch
33.361111111111114 yard
3050.540000012202 centimeters
100.20833333333333 feet
1202.5 inch
33.40277777777778 yard
3054.3500000122176 centimeters
101.0 feet
1212.0 inch
33.666666666666664 yard
3078.480000012314 centimeters
108.33333333333333 feet
1300.0 inch
36.111111111111114 yard
3302.000000013208 centimeters
0.0 feet
0.0 inch
0.0 yard
0.0 centimeters
3.0 feet
36.0 inch
1.0 yard
91.44000000036577 centimeters
7.5 feet
90.0 inch
2.5 yard
228.6000000009144 centimeters
36.0 feet
432.0 inch
12.0 yard
1097.2800000043892 centimeters
300.0 feet
3600.0 inch
100.0 yard
9144.000000036576 centimeters
1.0 feet
12.0 inch
0.3333333333333333 yard
30.480000000121922 centimeters
4.0 feet
48.0 inch
1.3333333333333333 yard
121.92000000048769 centimeters
8.5 feet
102.0 inch
2.8333333333333335 yard
259.08000000103635 centimeters
37.0 feet
444.0 inch
12.333333333333334 yard
1127.760000004511 centimeters
301.0 feet
3612.0 inch
100.33333333333333 yard
9174.480000036698 centimeters
2.5 feet
30.0 inch
0.8333333333333334 yard
76.20000000030481 centimeters
5.5 feet
66.0 inch
1.8333333333333333 yard
167.64000000067057 centimeters
10.0 feet
120.0 inch
3.3333333333333335 yard
304.80000000121925 centimeters
38.5 feet
462.0 inch
12.833333333333334 yard
1173.480000004694 centimeters
302.5 feet
3630.0 inch
100.83333333333333 yard
9220.20000003688 centimeters
12.0 feet
144.0 inch
4.0 yard
365.7600000014631 centimeters
15.0 feet
180.0 inch
5.0 yard
457.2000000018288 centimeters
19.5 feet
234.0 inch
6.5 yard
594.3600000023774 centimeters
48.0 feet
576.0 inch
16.0 yard
1463.0400000058523 centimeters
312.0 feet
3744.0 inch
104.0 yard
9509.760000038039 centimeters
100.0 feet
1200.0 inch
33.333333333333336 yard
3048.0000000121922 centimeters
103.0 feet
1236.0 inch
34.333333333333336 yard
3139.440000012558 centimeters
107.5 feet
1290.0 inch
35.833333333333336 yard
3276.6000000131066 centimeters
136.0 feet
1632.0 inch
45.333333333333336 yard
4145.280000016582 centimeters
400.0 feet
4800.0 inch
133.33333333333334 yard
12192.000000048769 centimeters
0.0 feet
0.0 inch
0.0 yard
0.0 centimeters
0.03280839895 feet
0.3937007874 inch
0.010936132983333333 yard
1.0 centimeters
0.082020997375 feet
0.9842519685 inch
0.02734033245833333 yard
2.5 centimeters
0.3937007874 feet
4.7244094487999995 inch
0.1312335958 yard
12.0 centimeters
3.2808398949999997 feet
39.37007874 inch
1.0936132983333333 yard
100.0 centimeters
1.0 feet
12.0 inch
0.3333333333333333 yard
30.480000000121922 centimeters
1.03280839895 feet
12.3937007874 inch
0.34426946631666666 yard
31.480000000121922 centimeters
1.0820209973750001 feet
12.9842519685 inch
0.3606736657916667 yard
32.980000000121926 centimeters
1.3937007874 feet
16.7244094488 inch
0.4645669291333333 yard
42.48000000012192 centimeters
4.280839895 feet
51.37007874 inch
1.4269466316666666 yard
130.48000000012192 centimeters
2.5 feet
30.0 inch
0.8333333333333334 yard
76.20000000030481 centimeters
2.53280839895 feet
30.3937007874 inch
0.8442694663166667 yard
77.20000000030481 centimeters
2.582020997375 feet
30.9842519685 inch
0.8606736657916667 yard
78.70000000030481 centimeters
2.8937007874000003 feet
34.7244094488 inch
0.9645669291333334 yard
88.20000000030481 centimeters
5.780839895 feet
69.37007874 inch
1.9269466316666666 yard
176.2000000003048 centimeters
12.0 feet
144.0 inch
4.0 yard
365.7600000014631 centimeters
12.032808398950001 feet
144.3937007874 inch
4.010936132983334 yard
366.7600000014631 centimeters
12.082020997374999 feet
144.9842519685 inch
4.0273403324583334 yard
368.260000001463 centimeters
12.3937007874 feet
148.7244094488 inch
4.1312335958 yard
377.7600000014631 centimeters
15.280839895 feet
183.37007874 inch
5.0936132983333335 yard
465.7600000014631 centimeters
100.0 feet
1200.0 inch
33.333333333333336 yard
3048.0000000121922 centimeters
100.03280839895 feet
1200.3937007874 inch
33.34426946631666 yard
3049.000000012192 centimeters
100.08202099737501 feet
1200.9842519685 inch
33.360673665791666 yard
3050.5000000121922 centimeters
100.39370078740001 feet
1204.7244094488 inch
33.46456692913333 yard
3060.0000000121922 centimeters
103.280839895 feet
1239.37007874 inch
34.42694663166667 yard
3148.0000000121922 centimeters
0.0 feet
0.0 inch
0.0 yard
0.0 centimeters
1.0 feet
12.0 inch
0.3333333333333333 yard
30.480000000121922 centimeters
2.5 feet
30.0 inch
0.8333333333333334 yard
76.20000000030481 centimeters
12.0 feet
144.0 inch
4.0 yard
365.7600000014631 centimeters
100.0 feet
1200.0 inch
33.333333333333336 yard
3048.0000000121922 centimeters
0.08333333333333333 feet
1.0 inch
0.027777777777777776 yard
2.5400000000101604 centimeters
1.0833333333333333 feet
13.0 inch
0.3611111111111111 yard
33.02000000013208 centimeters
2.5833333333333335 feet
31.0 inch
0.8611111111111112 yard
78.74000000031496 centimeters
12.083333333333334 feet
145.0 inch
4.027777777777778 yard
368.3000000014732 centimeters
100.08333333333333 feet
1201.0 inch
33.361111111111114 yard
3050.540000012202 centimeters
0.20833333333333334 feet
2.5 inch
0.06944444444444445 yard
6.350000000025401 centimeters
1.2083333333333333 feet
14.5 inch
0.4027777777777778 yard
36.83000000014732 centimeters
2.7083333333333335 feet
32.5 inch
0.9027777777777778 yard
82.5500000003302 centimeters
12.208333333333334 feet
146.5 inch
4.069444444444445 yard
372.11000000148846 centimeters
100.20833333333333 feet
1202.5 inch
33.40277777777778 yard
3054.3500000122176 centimeters
1.0 feet
12.0 inch
0.3333333333333333 yard
30.480000000121922 centimeters
2.0 feet
24.0 inch
0.6666666666666666 yard
60.960000000243845 centimeters
3.5 feet
42.0 inch
1.1666666666666667 yard
106.68000000042673 centimeters
13.0 feet
156.0 inch
4.333333333333333 yard
396.240000001585 centimeters
101.0 feet
1212.0 inch
33.666666666666664 yard
3078.480000012314 centimeters
8.333333333333334 feet
100.0 inch
2.7777777777777777 yard
254.00000000101602 centimeters
9.333333333333334 feet
112.0 inch
3.111111111111111 yard
284.48000000113797 centimeters
10.833333333333334 feet
130.0 inch
3.611111111111111 yard
330.2000000013208 centimeters
20.333333333333332 feet
244.0 inch
6.777777777777778 yard
619.760000002479 centimeters
108.33333333333333 feet
1300.0 inch
36.111111111111114 yard
3302.000000013208 centimeters
0.0 feet
0.0 inch
0.0 yard
0.0 centimeters
0.08333333333333333 feet
1.0 inch
0.027777777777777776 yard
2.5400000000101604 centimeters
0.20833333333333334 feet
2.5 inch
0.06944444444444445 yard
6.350000000025401 centimeters
1.0 feet
12.0 inch
0.3333333333333333 yard
30.480000000121922 centimeters
8.333333333333334 feet
100.0 inch
2.7777777777777777 yard
254.00000000101602 centimeters
0.08333333333333333 feet
1.0 inch
0.027777777777777776 yard
2.5400000000101604 centimeters
0.16666666666666666 feet
2.0 inch
0.05555555555555555 yard
5.080000000020321 centimeters
0.2916666666666667 feet
3.5 inch
0.09722222222222222 yard
8.890000000035561 centimeters
1.0833333333333333 feet
13.0 inch
0.3611111111111111 yard
33.02000000013208 centimeters
8.416666666666666 feet
101.0 inch
2.8055555555555554 yard
256.54000000102616 centimeters
0.20833333333333334 feet
2.5 inch
0.06944444444444445 yard
6.350000000025401 centimeters
0.2916666666666667 feet
3.5 inch
0.09722222222222222 yard
8.890000000035561 centimeters
0.4166666666666667 feet
5.0 inch
0.1388888888888889 yard
12.700000000050801 centimeters
1.2083333333333333 feet
14.5 inch
0.4027777777777778 yard
36.83000000014732 centimeters
8.541666666666666 feet
102.5 inch
2.8472222222222223 yard
260.3500000010414 centimeters
1.0 feet
12.0 inch
0.3333333333333333 yard
30.480000000121922 centimeters
1.0833333333333333 feet
13.0 inch
0.3611111111111111 yard
33.02000000013208 centimeters
1.2083333333333333 feet
14.5 inch
0.4027777777777778 yard
36.83000000014732 centimeters
2.0 feet
24.0 inch
0.6666666666666666 yard
60.960000000243845 centimeters
9.333333333333334 feet
112.0 inch
3.111111111111111 yard
284.48000000113797 centimeters
8.333333333333334 feet
100.0 inch
2.7777777777777777 yard
254.00000000101602 centimeters
8.416666666666666 feet
101.0 inch
2.8055555555555554 yard
256.54000000102616 centimeters
8.541666666666666 feet
102.5 inch
2.8472222222222223 yard
260.3500000010414 centimeters
9.333333333333334 feet
112.0 inch
3.111111111111111 yard
284.48000000113797 centimeters
16.666666666666668 feet
200.0 inch
5.555555555555555 yard
508.00000000203204 centimeters
0.0 feet
0.0 inch
0.0 yard
0.0 centimeters
3.0 feet
36.0 inch
1.0 yard
91.44000000036577 centimeters
7.5 feet
90.0 inch
2.5 yard
228.6000000009144 centimeters
36.0 feet
432.0 inch
12.0 yard
1097.2800000043892 centimeters
300.0 feet
3600.0 inch
100.0 yard
9144.000000036576 centimeters
0.08333333333333333 feet
1.0 inch
0.027777777777777776 yard
2.5400000000101604 centimeters
3.0833333333333335 feet
37.0 inch
1.0277777777777777 yard
93.98000000037592 centimeters
7.583333333333333 feet
91.0 inch
2.5277777777777777 yard
231.14000000092457 centimeters
36.083333333333336 feet
433.0 inch
12.027777777777779 yard
1099.8200000043994 centimeters
300.0833333333333 feet
3601.0 inch
100.02777777777777 yard
9146.540000036586 centimeters
0.20833333333333334 feet
2.5 inch
0.06944444444444445 yard
6.350000000025401 centimeters
3.2083333333333335 feet
38.5 inch
1.0694444444444444 yard
97.79000000039116 centimeters
7.708333333333333 feet
92.5 inch
2.5694444444444446 yard
234.9500000009398 centimeters
36.208333333333336 feet
434.5 inch
12.069444444444445 yard
1103.6300000044146 centimeters
300.2083333333333 feet
3602.5 inch
100.06944444444444 yard
9150.350000036602 centimeters
1.0 feet
12.0 inch
0.3333333333333333 yard
30.480000000121922 centimeters
4.0 feet
48.0 inch
1.3333333333333333 yard
121.92000000048769 centimeters
8.5 feet
102.0 inch
2.8333333333333335 yard
259.08000000103635 centimeters
37.0 feet
444.0 inch
12.333333333333334 yard
1127.760000004511 centimeters
301.0 feet
3612.0 inch
100.33333333333333 yard
9174.480000036698 centimeters
8.333333333333334 feet
100.0 inch
2.7777777777777777 yard
254.00000000101602 centimeters
11.333333333333334 feet
136.0 inch
3.7777777777777777 yard
345.4400000013818 centimeters
15.833333333333334 feet
190.0 inch
5.277777777777778 yard
482.6000000019304 centimeters
44.333333333333336 feet
532.0 inch
14.777777777777779 yard
1351.280000005405 centimeters
308.3333333333333 feet
3700.0 inch
102.77777777777777 yard
9398.000000037593 centimeters
0.0 feet
0.0 inch
0.0 yard
0.0 centimeters
0.03280839895 feet
0.3937007874 inch
0.010936132983333333 yard
1.0 centimeters
0.082020997375 feet
0.9842519685 inch
0.02734033245833333 yard
2.5 centimeters
0.3937007874 feet
4.7244094487999995 inch
0.1312335958 yard
12.0 centimeters
3.2808398949999997 feet
39.37007874 inch
1.0936132983333333 yard
100.0 centimeters
0.08333333333333333 feet
1.0 inch
0.027777777777777776 yard
2.5400000000101604 centimeters
0.11614173228333334 feet
1.3937007874 inch
0.03871391076111111 yard
3.5400000000101604 centimeters
0.16535433070833333 feet
1.9842519685 inch
0.05511811023611111 yard
5.04000000001016 centimeters
0.4770341207333333 feet
5.7244094487999995 inch
0.15901137357777775 yard
14.54000000001016 centimeters
3.364173228333333 feet
40.37007874 inch
1.121391076111111 yard
102.54000000001015 centimeters
0.20833333333333334 feet
2.5 inch
0.06944444444444445 yard
6.350000000025401 centimeters
0.24114173228333333 feet
2.8937007874 inch
0.08038057742777777 yard
7.3500000000254 centimeters
0.29035433070833333 feet
3.4842519684999997 inch
0.09678477690277777 yard
8.8500000000254 centimeters
0.6020341207333333 feet
7.2244094487999995 inch
0.20067804024444444 yard
18.3500000000254 centimeters
3.489173228333333 feet
41.87007874 inch
1.1630577427777777 yard
106.3500000000254 centimeters
1.0 feet
12.0 inch
0.3333333333333333 yard
30.480000000121922 centimeters
1.03280839895 feet
12.3937007874 inch
0.34426946631666666 yard
31.480000000121922 centimeters
1.0820209973750001 feet
12.9842519685 inch
0.3606736657916667 yard
32.980000000121926 centimeters
1.3937007874 feet
16.7244094488 inch
0.4645669291333333 yard
42.48000000012192 centimeters
4.280839895 feet
51.37007874 inch
1.4269466316666666 yard
130.48000000012192 centimeters
8.333333333333334 feet
100.0 inch
2.7777777777777777 yard
254.00000000101602 centimeters
8.366141732283333 feet
100.3937007874 inch
2.788713910761111 yard
255.000000001016 centimeters
8.415354330708334 feet
100.9842519685 inch
2.805118110236111 yard
256.500000001016 centimeters
8.727034120733334 feet
104.7244094488 inch
2.909011373577778 yard
266.000000001016 centimeters
11.614173228333334 feet
139.37007874 inch
3.871391076111111 yard
354.000000001016 centimeters
0.0 feet
0.0 inch
0.0 yard
0.0 centimeters
1.0 feet
12.0 inch
0.3333333333333333 yard
30.480000000121922 centimeters
2.5 feet
30.0 inch
0.8333333333333334 yard
76.20000000030481 centimeters
12.0 feet
144.0 inch
4.0 yard
365.7600000014631 centimeters
100.0 feet
1200.0 inch
33.333333333333336 yard
3048.0000000121922 centimeters
3.0 feet
36.0 inch
1.0 yard
91.44000000036577 centimeters
4.0 feet
48.0 inch
1.3333333333333333 yard
121.92000000048769 centimeters
5.5 feet
66.0 inch
1.8333333333333333 yard
167.64000000067057 centimeters
15.0 feet
180.0 inch
5.0 yard
457.2000000018288 centimeters
103.0 feet
1236.0 inch
34.333333333333336 yard
3139.440000012558 centimeters
7.5 feet
90.0 inch
2.5 yard
228.6000000009144 centimeters
8.5 feet
102.0 inch
2.8333333333333335 yard
259.08000000103635 centimeters
10.0 feet
120.0 inch
3.3333333333333335 yard
304.80000000121925 centimeters
19.5 feet
234.0 inch
6.5 yard
594.3600000023774 centimeters
107.5 feet
1290.0 inch
35.833333333333336 yard
3276.6000000131066 centimeters
36.0 feet
432.0 inch
12.0 yard
1097.2800000043892 centimeters
37.0 feet
444.0 inch
12.333333333333334 yard
1127.760000004511 centimeters
38.5 feet
462.0 inch
12.833333333333334 yard
1173.480000004694 centimeters
48.0 feet
576.0 inch
16.0 yard
1463.0400000058523 centimeters
136.0 feet
1632.0 inch
45.333333333333336 yard
4145.280000016582 centimeters
300.0 feet
3600.0 inch
100.0 yard
9144.000000036576 centimeters
301.0 feet
3612.0 inch
100.33333333333333 yard
9174.480000036698 centimeters
302.5 feet
3630.0 inch
100.83333333333333 yard
9220.20000003688 centimeters
312.0 feet
3744.0 inch
104.0 yard
9509.760000038039 centimeters
400.0 feet
4800.0 inch
133.33333333333334 yard
12192.000000048769 centimeters
0.0 feet
0.0 inch
0.0 yard
0.0 centimeters
0.08333333333333333 feet
1.0 inch
0.027777777777777776 yard
2.5400000000101604 centimeters
0.20833333333333334 feet
2.5 inch
0.06944444444444445 yard
6.350000000025401 centimeters
1.0 feet
12.0 inch
0.3333333333333333 yard
30.480000000121922 centimeters
8.333333333333334 feet
100.0 inch
2.7777777777777777 yard
254.00000000101602 centimeters
3.0 feet
36.0 inch
1.0 yard
91.44000000036577 centimeters
3.0833333333333335 feet
37.0 inch
1.0277777777777777 yard
93.98000000037592 centimeters
3.2083333333333335 feet
38.5 inch
1.0694444444444444 yard
97.79000000039116 centimeters
4.0 feet
48.0 inch
1.3333333333333333 yard
121.92000000048769 centimeters
11.333333333333334 feet
136.0 inch
3.7777777777777777 yard
345.4400000013818 centimeters
7.5 feet
90.0 inch
2.5 yard
228.6000000009144 centimeters
7.583333333333333 feet
91.0 inch
2.5277777777777777 yard
231.14000000092457 centimeters
7.708333333333333 feet
92.5 inch
2.5694444444444446 yard
234.9500000009398 centimeters
8.5 feet
102.0 inch
2.8333333333333335 yard
259.08000000103635 centimeters
15.833333333333334 feet
190.0 inch
5.277777777777778 yard
482.6000000019304 centimeters
36.0 feet
432.0 inch
12.0 yard
1097.2800000043892 centimeters
36.083333333333336 feet
433.0 inch
12.027777777777779 yard
1099.8200000043994 centimeters
36.208333333333336 feet
434.5 inch
12.069444444444445 yard
1103.6300000044146 centimeters
37.0 feet
444.0 inch
12.333333333333334 yard
1127.760000004511 centimeters
44.333333333333336 feet
532.0 inch
14.777777777777779 yard
1351.280000005405 centimeters
300.0 feet
3600.0 inch
100.0 yard
9144.000000036576 centimeters
300.0833333333333 feet
3601.0 inch
100.02777777777777 yard
9146.540000036586 centimeters
300.2083333333333 feet
3602.5 inch
100.06944444444444 yard
9150.350000036602 centimeters
301.0 feet
3612.0 inch
100.33333333333333 yard
9174.480000036698 centimeters
308.3333333333333 feet
3700.0 inch
102.77777777777777 yard
9398.000000037593 centimeters
0.0 feet
0.0 inch
0.0 yard
0.0 centimeters
3.0 feet
36.0 inch
1.0 yard
91.44000000036577 centimeters
7.5 feet
90.0 inch
2.5 yard
228.6000000009144 centimeters
36.0 feet
432.0 inch
12.0 yard
1097.2800000043892 centimeters
300.0 feet
3600.0 inch
100.0 yard
9144.000000036576 centimeters
3.0 feet
36.0 inch
1.0 yard
91.44000000036577 centimeters
6.0 feet
72.0 inch
2.0 yard
182.88000000073154 centimeters
10.5 feet
126.0 inch
3.5 yard
320.0400000012802 centimeters
39.0 feet
468.0 inch
13.0 yard
1188.7200000047549 centimeters
303.0 feet
3636.0 inch
101.0 yard
9235.440000036942 centimeters
7.5 feet
90.0 inch
2.5 yard
228.6000000009144 centimeters
10.5 feet
126.0 inch
3.5 yard
320.0400000012802 centimeters
15.0 feet
180.0 inch
5.0 yard
457.2000000018288 centimeters
43.5 feet
522.0 inch
14.5 yard
1325.8800000053036 centimeters
307.5 feet
3690.0 inch
102.5 yard
9372.600000037492 centimeters
36.0 feet
432.0 inch
12.0 yard
1097.2800000043892 centimeters
39.0 feet
468.0 inch
13.0 yard
1188.7200000047549 centimeters
43.5 feet
522.0 inch
14.5 yard
1325.8800000053036 centimeters
72.0 feet
864.0 inch
24.0 yard
2194.5600000087784 centimeters
336.0 feet
4032.0 inch
112.0 yard
10241.280000040966 centimeters
300.0 feet
3600.0 inch
100.0 yard
9144.000000036576 centimeters
303.0 feet
3636.0 inch
101.0 yard
9235.440000036942 centimeters
307.5 feet
3690.0 inch
102.5 yard
9372.600000037492 centimeters
336.0 feet
4032.0 inch
112.0 yard
10241.280000040966 centimeters
600.0 feet
7200.0 inch
200.0 yard
18288.000000073152 centimeters
0.0 feet
0.0 inch
0.0 yard
0.0 centimeters
0.03280839895 feet
0.3937007874 inch
0.010936132983333333 yard
1.0 centimeters
0.082020997375 feet
0.9842519685 inch
0.02734033245833333 yard
2.5 centimeters
0.3937007874 feet
4.7244094487999995 inch
0.1312335958 yard
12.0 centimeters
3.2808398949999997 feet
39.37007874 inch
1.0936132983333333 yard
100.0 centimeters
3.0 feet
36.0 inch
1.0 yard
91.44000000036577 centimeters
3.03280839895 feet
36.3937007874 inch
1.0109361329833333 yard
92.44000000036577 centimeters
3.082020997375 feet
36.9842519685 inch
1.0273403324583332 yard
93.94000000036576 centimeters
3.3937007874000003 feet
40.7244094488 inch
1.1312335958000002 yard
103.44000000036577 centimeters
6.280839895 feet
75.37007874 inch
2.093613298333333 yard
191.44000000036576 centimeters
7.5 feet
90.0 inch
2.5 yard
228.6000000009144 centimeters
7.532808398949999 feet
90.3937007874 inch
2.5109361329833333 yard
229.6000000009144 centimeters
7.582020997375 feet
90.9842519685 inch
2.5273403324583334 yard
231.10000000091443 centimeters
7.8937007874 feet
94.7244094488 inch
2.6312335958 yard
240.60000000091443 centimeters
10.780839895 feet
129.37007874 inch
3.593613298333333 yard
328.6000000009144 centimeters
36.0 feet
432.0 inch
12.0 yard
1097.2800000043892 centimeters
36.03280839895 feet
432.3937007874 inch
12.010936132983334 yard
1098.2800000043892 centimeters
36.082020997375004 feet
432.9842519685 inch
12.027340332458333 yard
1099.7800000043892 centimeters
36.3937007874 feet
436.7244094488 inch
12.1312335958 yard
1109.2800000043892 centimeters
39.280839895 feet
471.37007874 inch
13.093613298333333 yard
1197.2800000043892 centimeters
300.0 feet
3600.0 inch
100.0 yard
9144.000000036576 centimeters
300.03280839895 feet
3600.3937007874 inch
100.01093613298333 yard
9145.000000036576 centimeters
300.08202099737497 feet
3600.9842519685 inch
100.02734033245832 yard
9146.500000036576 centimeters
300.3937007874 feet
3604.7244094488 inch
100.1312335958 yard
9156.000000036576 centimeters
303.280839895 feet
3639.37007874 inch
101.09361329833332 yard
9244.000000036576 centimeters
0.0 feet
0.0 inch
0.0 yard
0.0 centimeters
1.0 feet
12.0 inch
0.3333333333333333 yard
30.480000000121922 centimeters
2.5 feet
30.0 inch
0.8333333333333334 yard
76.20000000030481 centimeters
12.0 feet
144.0 inch
4.0 yard
365.7600000014631 centimeters
100.0 feet
1200.0 inch
33.333333333333336 yard
3048.0000000121922 centimeters
0.03280839895 feet
0.3937007874 inch
0.010936132983333333 yard
1.0 centimeters
1.03280839895 feet
12.3937007874 inch
0.34426946631666666 yard
31.480000000121922 centimeters
2.53280839895 feet
30.3937007874 inch
0.8442694663166667 yard
77.20000000030481 centimeters
12.032808398950001 feet
144.3937007874 inch
4.010936132983334 yard
366.7600000014631 centimeters
100.03280839895 feet
1200.3937007874 inch
33.34426946631666 yard
3049.000000012192 centimeters
0.082020997375 feet
0.9842519685 inch
0.02734033245833333 yard
2.5 centimeters
1.0820209973750001 feet
12.9842519685 inch
0.3606736657916667 yard
32.980000000121926 centimeters
2.582020997375 feet
30.9842519685 inch
0.8606736657916667 yard
78.70000000030481 centimeters
12.082020997374999 feet
144.9842519685 inch
4.0273403324583334 yard
368.260000001463 centimeters
100.08202099737501 feet
1200.9842519685 inch
33.360673665791666 yard
3050.5000000121922 centimeters
0.3937007874 feet
4.7244094487999995 inch
0.1312335958 yard
12.0 centimeters
1.3937007874 feet
16.7244094488 inch
0.4645669291333333 yard
42.48000000012192 centimeters
2.8937007874000003 feet
34.7244094488 inch
0.9645669291333334 yard
88.20000000030481 centimeters
12.3937007874 feet
148.7244094488 inch
4.1312335958 yard
377.7600000014631 centimeters
100.39370078740001 feet
1204.7244094488 inch
33.46456692913333 yard
3060.0000000121922 centimeters
3.2808398949999997 feet
39.37007874 inch
1.0936132983333333 yard
100.0 centimeters
4.280839895 feet
51.37007874 inch
1.4269466316666666 yard
130.48000000012192 centimeters
5.780839895 feet
69.37007874 inch
1.9269466316666666 yard
176.2000000003048 centimeters
15.280839895 feet
183.37007874 inch
5.0936132983333335 yard
465.7600000014631 centimeters
103.280839895 feet
1239.37007874 inch
34.42694663166667 yard
3148.0000000121922 centimeters
0.0 feet
0.0 inch
0.0 yard
0.0 centimeters
0.08333333333333333 feet
1.0 inch
0.027777777777777776 yard
2.5400000000101604 centimeters
0.20833333333333334 feet
2.5 inch
0.06944444444444445 yard
6.350000000025401 centimeters
1.0 feet
12.0 inch
0.3333333333333333 yard
30.480000000121922 centimeters
8.333333333333334 feet
100.0 inch
2.7777777777777777 yard
254.00000000101602 centimeters
0.03280839895 feet
0.3937007874 inch
0.010936132983333333 yard
1.0 centimeters
0.11614173228333334 feet
1.3937007874 inch
0.03871391076111111 yard
3.5400000000101604 centimeters
0.24114173228333333 feet
2.8937007874 inch
0.08038057742777777 yard
7.3500000000254 centimeters
1.03280839895 feet
12.3937007874 inch
0.34426946631666666 yard
31.480000000121922 centimeters
8.366141732283333 feet
100.3937007874 inch
2.788713910761111 yard
255.000000001016 centimeters
0.082020997375 feet
0.9842519685 inch
0.02734033245833333 yard
2.5 centimeters
0.16535433070833333 feet
1.9842519685 inch
0.05511811023611111 yard
5.04000000001016 centimeters
0.29035433070833333 feet
3.4842519684999997 inch
0.09678477690277777 yard
8.8500000000254 centimeters
1.0820209973750001 feet
12.9842519685 inch
0.3606736657916667 yard
32.980000000121926 centimeters
8.415354330708334 feet
100.9842519685 inch
2.805118110236111 yard
256.500000001016 centimeters
0.3937007874 feet
4.7244094487999995 inch
0.1312335958 yard
12.0 centimeters
0.4770341207333333 feet
5.7244094487999995 inch
0.15901137357777775 yard
14.54000000001016 centimeters
0.6020341207333333 feet
7.2244094487999995 inch
0.20067804024444444 yard
18.3500000000254 centimeters
1.3937007874 feet
16.7244094488 inch
0.4645669291333333 yard
42.48000000012192 centimeters
8.727034120733334 feet
104.7244094488 inch
2.909011373577778 yard
266.000000001016 centimeters
3.2808398949999997 feet
39.37007874 inch
1.0936132983333333 yard
100.0 centimeters
3.364173228333333 feet
40.37007874 inch
1.121391076111111 yard
102.54000000001015 centimeters
3.489173228333333 feet
41.87007874 inch
1.1630577427777777 yard
106.3500000000254 centimeters
4.280839895 feet
51.37007874 inch
1.4269466316666666 yard
130.48000000012192 centimeters
11.614173228333334 feet
139.37007874 inch
3.871391076111111 yard
354.000000001016 centimeters
0.0 feet
0.0 inch
0.0 yard
0.0 centimeters
3.0 feet
36.0 inch
1.0 yard
91.44000000036577 centimeters
7.5 feet
90.0 inch
2.5 yard
228.6000000009144 centimeters
36.0 feet
432.0 inch
12.0 yard
1097.2800000043892 centimeters
300.0 feet
3600.0 inch
100.0 yard
9144.000000036576 centimeters
0.03280839895 feet
0.3937007874 inch
0.010936132983333333 yard
1.0 centimeters
3.03280839895 feet
36.3937007874 inch
1.0109361329833333 yard
92.44000000036577 centimeters
7.532808398949999 feet
90.3937007874 inch
2.5109361329833333 yard
229.6000000009144 centimeters
36.03280839895 feet
432.3937007874 inch
12.010936132983334 yard
1098.2800000043892 centimeters
300.03280839895 feet
3600.3937007874 inch
100.01093613298333 yard
9145.000000036576 centimeters
0.082020997375 feet
0.9842519685 inch
0.02734033245833333 yard
2.5 centimeters
3.082020997375 feet
36.9842519685 inch
1.0273403324583332 yard
93.94000000036576 centimeters
7.582020997375 feet
90.9842519685 inch
2.5273403324583334 yard
231.10000000091443 centimeters
36.082020997375004 feet
432.9842519685 inch
12.027340332458333 yard
1099.7800000043892 centimeters
300.08202099737497 feet
3600.9842519685 inch
100.02734033245832 yard
9146.500000036576 centimeters
0.3937007874 feet
4.7244094487999995 inch
0.1312335958 yard
12.0 centimeters
3.3937007874000003 feet
40.7244094488 inch
1.1312335958000002 yard
103.44000000036577 centimeters
7.8937007874 feet
94.7244094488 inch
2.6312335958 yard
240.60000000091443 centimeters
36.3937007874 feet
436.7244094488 inch
12.1312335958 yard
1109.2800000043892 centimeters
300.3937007874 feet
3604.7244094488 inch
100.1312335958 yard
9156.000000036576 centimeters
3.2808398949999997 feet
39.37007874 inch
1.0936132983333333 yard
100.0 centimeters
6.280839895 feet
75.37007874 inch
2.093613298333333 yard
191.44000000036576 centimeters
10.780839895 feet
129.37007874 inch
3.593613298333333 yard
328.6000000009144 centimeters
39.280839895 feet
471.37007874 inch
13.093613298333333 yard
1197.2800000043892 centimeters
303.280839895 feet
3639.37007874 inch
101.09361329833332 yard
9244.000000036576 centimeters
0.0 feet
0.0 inch
0.0 yard
0.0 centimeters
0.03280839895 feet
0.3937007874 inch
0.010936132983333333 yard
1.0 centimeters
0.082020997375 feet
0.9842519685 inch
0.02734033245833333 yard
2.5 centimeters
0.3937007874 feet
4.7244094487999995 inch
0.1312335958 yard
12.0 centimeters
3.2808398949999997 feet
39.37007874 inch
1.0936132983333333 yard
100.0 centimeters
0.03280839895 feet
0.3937007874 inch
0.010936132983333333 yard
1.0 centimeters
0.0656167979 feet
0.7874015748 inch
0.021872265966666665 yard
2.0 centimeters
0.114829396325 feet
1.3779527559 inch
0.038276465441666664 yard
3.5 centimeters
0.42650918634999996 feet
5.1181102362 inch
0.14216972878333334 yard
13.0 centimeters
3.3136482939499996 feet
39.7637795274 inch
1.1045494313166666 yard
101.0 centimeters
0.082020997375 feet
0.9842519685 inch
0.02734033245833333 yard
2.5 centimeters
0.114829396325 feet
1.3779527559 inch
0.038276465441666664 yard
3.5 centimeters
0.16404199475 feet
1.968503937 inch
0.05468066491666666 yard
5.0 centimeters
0.47572178477499993 feet
5.708661417299999 inch
0.1585739282583333 yard
14.499999999999998 centimeters
3.3628608923749996 feet
40.354330708499994 inch
1.1209536307916665 yard
102.49999999999999 centimeters
0.3937007874 feet
4.7244094487999995 inch
0.1312335958 yard
12.0 centimeters
0.42650918634999996 feet
5.1181102362 inch
0.14216972878333334 yard
13.0 centimeters
0.47572178477499993 feet
5.708661417299999 inch
0.1585739282583333 yard
14.499999999999998 centimeters
0.7874015748 feet
9.448818897599999 inch
0.2624671916 yard
24.0 centimeters
3.6745406824 feet
44.0944881888 inch
1.2248468941333333 yard
112.0 centimeters
3.2808398949999997 feet
39.37007874 inch
1.0936132983333333 yard
100.0 centimeters
3.3136482939499996 feet
39.7637795274 inch
1.1045494313166666 yard
101.0 centimeters
3.3628608923749996 feet
40.354330708499994 inch
1.1209536307916665 yard
102.49999999999999 centimeters
3.6745406824 feet
44.0944881888 inch
1.2248468941333333 yard
112.0 centimeters
6.5616797899999995 feet
78.74015748 inch
2.1872265966666666 yard
200.0 centimeters
]]></system-out>
  </testcase>
  <testcase name="testEquality_DifferentValue1" classname="com.quantity.QuantityMeasurementAppTest" time="0.001"/>
  <testcase name="testAddition_ExplicitTargetUnit_Yards" classname="com.quantity.QuantityMeasurementAppTest" time="0.001">
    <system-out><![CDATA[0.6666666666666666 yard
]]></system-out>
  </testcase>
  <testcase name="testEquality_DifferentValue" classname="com.quantity.QuantityMeasurementAppTest" time="0.002"/>
  <testcase name="testConversion_InchesToYards" classname="com.quantity.QuantityMeasurementAppTest" time="0.002"/>
  <testcase name="testEquality_SameReference" classname="com.quantity.QuantityMeasurementAppTest" time="0.001"/>
  <testcase name="testEquality_NullComparison" classname="com.quantity.QuantityMeasurementAppTest" time="0.0"/>
  <testcase name="testEquality_FeetToInch_EquivalentValue" classname="com.quantity.QuantityMeasurementAppTest" time="0.001"/>
  <testcase name="testEquality_InchToInch_DifferentValue" classname="com.quantity.QuantityMeasurementAppTest" time="0.001"/>
  <testcase name="testEquality_InvalidUnit" classname="com.quantity.QuantityMeasurementAppTest" time="0.001"/>
  <testcase name="testConversion_InchesToFeet" classname="com.quantity.QuantityMeasurementAppTest" time="0.001"/>
  <testcase name="testAddition_SameUnit_FeetPlusFeet" classname="com.quantity.QuantityMeasurementAppTest" time="0.001"/>
  <testcase name="testConversion_FeetToYard" classname="com.quantity.QuantityMeasurementAppTest" time="0.003"/>
  <testcase name="testEquality_SameValue1" classname="com.quantity.QuantityMeasurementAppTest" time="0.002"/>
  <testcase name="testConversion_CentimetersToInches" classname="com.quantity.QuantityMeasurementAppTest" time="0.001"/>
  <testcase name="testAddition_ExplicitTargetUnit_NegativeValues" classname="com.quantity.QuantityMeasurementAppTest" time="0.001">
    <system-out><![CDATA[36.0 inch
]]></system-out>
  </testcase>
  <testcase name="testAddition_ExplicitTargetUnit_SameAsSecondOperand" classname="com.quantity.QuantityMeasurementAppTest" time="0.001">
    <system-out><![CDATA[9.0 feet
]]></system-out>
  </testcase>
  <testcase name="testConversion_NaNOrInfinite_Throws" classname="com.quantity.QuantityMeasurementAppTest" time="0.001"/>
  <testcase name="testAddition_WithZero" classname="com.quantity.QuantityMeasurementAppTest" time="0.002"/>
  <testcase name="testEquality_SameReference1" classname="com.quantity.QuantityMeasurementAppTest" time="0.001"/>
  <testcase name="testConversion_YardsToInches" classname="com.quantity.QuantityMeasurementAppTest" time="0.0"/>
</testsuite>