<?xml version="1.0" encoding="UTF-8"?>
<testsuite xmlns:xsi="http://www.w3.org/2001/XMLSchema-instance" xsi:noNamespaceSchemaLocation="https://maven.apache.org/surefire/maven-surefire-plugin/xsd/surefire-test-report-3.0.xsd" version="3.0" name="com.quantity.QuantityMeasurementAppTest" time="0.146" tests="61" errors="0" skipped="0" failures="0">
  <properties>
[...]
</properties>
  <testcase name="testEquality_YardToFeet_NonEquivalentValue" classname="com.quantity.QuantityMeasurementAppTest" time="0.026"/>
  <testcase name="testEquality_CentimetersToInches_EquivalentValue" classname="com.quantity.QuantityMeasurementAppTest" time="0.003"/>
  <testcase name="testEquality_FeetToYard_EquivalentValue" classname="com.quantity.QuantityMeasurementAppTest" time="0.001"/>
  <testcase name="testEquality_SameReference_Feet_Length" classname="com.quantity.QuantityMeasurementAppTest" time="0.001"/>
  <testcase name="testConversion_PrecisionTolerance" classname="com.quantity.QuantityMeasurementAppTest" time="0.001"/>
  <testcase name="testEquality_InchToInch_SameValue" classname="com.quantity.QuantityMeasurementAppTest" time="0.0"/>
  <testcase name="testEquality_AllUnits_ComplexScenario" classname="com.quantity.QuantityMeasurementAppTest" time="0.001"/>
  <testcase name="testEquality_CentimetersNullComparison" classname="com.quantity.QuantityMeasurementAppTest" time="0.001"/>
  <testcase name="testEquality_FeetToFeet_DifferentValue" classname="com.quantity.QuantityMeasurementAppTest" time="0.001"/>
  <testcase name="testEquality_NonNumericInput" classname="com.quantity.QuantityMeasurementAppTest" time="0.003"/>
  <testcase name="testConversion_InvalidUnit_Throws" classname="com.quantity.QuantityMeasurementAppTest" time="0.009"/>
  <testcase name="testAddition_NullSecondOperand" classname="com.quantity.QuantityMeasurementAppTest" time="0.002"/>
  <testcase name="testEquality_NonNumericInput1" classname="com.quantity.QuantityMeasurementAppTest" time="0.002"/>
  <testcase name="testConversion_ZeroValue" classname="com.quantity.QuantityMeasurementAppTest" time="0.001"/>
  <testcase name="testEquality_CentimetersSameReference" classname="com.quantity.QuantityMeasurementAppTest" time="0.001"/>
  <testcase name="testEquality_NullUnit" classname="com.quantity.QuantityMeasurementAppTest" time="0.001"/>
  <testcase name="testEquality_YardWithNullUnit" classname="com.quantity.QuantityMeasurementAppTest" time="0.001"/>
  <testcase name="testEquality_YardToInches_EquivalentValue" classname="com.quantity.QuantityMeasurementAppTest" time="0.0"/>
  <testcase name="testConversion_NegativeValue" classname="com.quantity.QuantityMeasurementAppTest" time="0.001"/>
  <testcase name="testEquality_InchToFeet_EquivalentValue" classname="com.quantity.QuantityMeasurementAppTest" time="0.001"/>
  <testcase name="testAddition_SameUnit_InchPlusInch" classname="com.quantity.QuantityMeasurementAppTest" time="0.0"/>
  <testcase name="testEquality_YardToFeet_EquivalentValue" classname="com.quantity.QuantityMeasurementAppTest" time="0.001"/>
  <testcase name="testEquality_CentimetersWithNullUnit" classname="com.quantity.QuantityMeasurementAppTest" time="0.001"/>
  <testcase name="testAddition_CrossUnit_FeetPlusInches" classname="com.quantity.QuantityMeasurementAppTest" time="0.0"/>
  <testcase name="testConversion_RoundTrip_PreservesValue" classname="com.quantity.QuantityMeasurementAppTest" time="0.001"/>
  <testcase name="testEquality_CentimetersToFeet_NonEquivalentValue" classname="com.quantity.QuantityMeasurementAppTest" time="0.001"/>
  <testcase name="testAddition_NegativeValues" classname="com.quantity.QuantityMeasurementAppTest" time="0.0"/>
  <testcase name="testEquality_InchesToYard_EquivalentValue" classname="com.quantity.QuantityMeasurementAppTest" time="0.001"/>
  <testcase name="testEquality_YardSameReference" classname="com.quantity.QuantityMeasurementAppTest" time="0.001"/>
  <testcase name="testEquality_NullComparison_Feet_Length" classname="com.quantity.QuantityMeasurementAppTest" time="0.001"/>
  <testcase name="testAddition_Commutativity" classname="com.quantity.QuantityMeasurementAppTest" time="0.001"/>
  <testcase name="testEquality_FeetToFeet_SameValue" classname="com.quantity.QuantityMeasurementAppTest" time="0.001"/>
  <testcase name="testAddition_LargeValues" classname="com.quantity.QuantityMeasurementAppTest" time="0.001"/>
  <testcase name="testAddition_CrossUnit_YardPlusFeet" classname="com.quantity.QuantityMeasurementAppTest" time="0.0"/>
  <testcase name="testEquality_YardToYard_SameValue" classname="com.quantity.QuantityMeasurementAppTest" time="0.001"/>
  <testcase name="testEquality_YardToYard_DifferentValue" classname="com.quantity.QuantityMeasurementAppTest" time="0.001"/>
  <testcase name="testConversion_FeetToInches" classname="com.quantity.QuantityMeasurementAppTest" time="0.001"/>
  <testcase name="testEquality_MultiUnit_TransitiveProperty" classname="com.quantity.QuantityMeasurementAppTest" time="0.001"/>
  <testcase name="testAddition_CrossUnit_CentimeterPlusInch" classname="com.quantity.QuantityMeasurementAppTest" time="0.0"/>
  <testcase name="testAddition_CrossUnit_InchPlusFeet" classname="com.quantity.QuantityMeasurementAppTest" time="0.0"/>
  <testcase name="testEquality_NullComparison1" classname="com.quantity.QuantityMeasurementAppTest" time="0.0"/>
  <testcase name="testAddition_SmallValues" classname="com.quantity.QuantityMeasurementAppTest" time="0.001"/>
  <testcase name="testEquality_SameValue" classname="com.quantity.QuantityMeasurementAppTest" time="0.001"/>
  <testcase name="testEquality_YardNullComparison" classname="com.quantity.QuantityMeasurementAppTest" time="0.0"/>
  <testcase name="testEquality_DifferentValue1" classname="com.quantity.QuantityMeasurementAppTest" time="0.0"/>
  <testcase name="testEquality_DifferentValue" classname="com.quantity.QuantityMeasurementAppTest" time="0.001"/>
  <testcase name="testConversion_InchesToYards" classname="com.quantity.QuantityMeasurementAppTest" time="0.001"/>
  <testcase name="testEquality_SameReference" classname="com.quantity.QuantityMeasurementAppTest" time="0.0"/>
  <testcase name="testEquality_NullComparison" classname="com.quantity.QuantityMeasurementAppTest" time="0.001"/>
  <testcase name="testEquality_FeetToInch_EquivalentValue" classname="com.quantity.QuantityMeasurementAppTest" time="0.001"/>
  <testcase name="testEquality_InchToInch_DifferentValue" classname="com.quantity.QuantityMeasurementAppTest" time="0.0"/>
  <testcase name="testEquality_InvalidUnit" classname="com.quantity.QuantityMeasurementAppTest" time="0.0"/>
  <testcase name="testConversion_InchesToFeet" classname="com.quantity.QuantityMeasurementAppTest" time="0.0"/>
  <testcase name="testAddition_SameUnit_FeetPlusFeet" classname="com.quantity.QuantityMeasurementAppTest" time="0.0"/>
  <testcase name="testConversion_FeetToYard" classname="com.quantity.QuantityMeasurementAppTest" time="0.001"/>
  <testcase name="testEquality_SameValue1" classname="com.quantity.QuantityMeasurementAppTest" time="0.001"/>
  <testcase name="testConversion_CentimetersToInches" classname="com.quantity.QuantityMeasurementAppTest" time="0.0"/>
  <testcase name="testConversion_NaNOrInfinite_Throws" classname="com.quantity.QuantityMeasurementAppTest" time="0.001"/>
  <testcase name="testAddition_WithZero" classname="com.quantity.QuantityMeasurementAppTest" time="0.001"/>
  <testcase name="testEquality_SameReference1" classname="com.quantity.QuantityMeasurementAppTest" time="0.0"/>
  <testcase name="testConversion_YardsToInches" classname="com.quantity.QuantityMeasurementAppTest" time="0.0"/>
</testsuite>