<?xml version="1.0" encoding="UTF-8"?>
<testsuite xmlns:xsi="http://www.w3.org/2001/XMLSchema-instance" xsi:noNamespaceSchemaLocation="https://maven.apache.org/surefire/maven-surefire-plugin/xsd/surefire-test-report-3.0.xsd" version="3.0" name="com.quantity.QuantityMeasurementAppTest" time="0.093" tests="12" errors="0" skipped="0" failures="2">
  <properties>
[...]
</properties>
  <testcase name="testEquality_NonNumericInput" classname="com.quantity.QuantityMeasurementAppTest" time="0.033">
    <failure message="Expected java.lang.IllegalArgumentException to be thrown, but nothing was thrown." type="org.opentest4j.AssertionFailedError"><![CDATA[org.opentest4j.AssertionFailedError: Expected java.lang.IllegalArgumentException to be thrown, but nothing was thrown.
	at org.junit.jupiter.api.AssertionFailureBuilder.build(AssertionFailureBuilder.java:152)
	at org.junit.jupiter.api.AssertThrows.assertThrows(AssertThrows.java:73)
	at org.junit.jupiter.api.AssertThrows.assertThrows(AssertThrows.java:35)
	at org.junit.jupiter.api.Assertions.assertThrows(Assertions.java:3115)
	at com.quantity.QuantityMeasurementAppTest.testEquality_NonNumericInput(QuantityMeasurementAppTest.java:98)
	at java.base/java.lang.reflect.Method.invoke(Method.java:580)
	at java.base/java.util.ArrayList.forEach(ArrayList.java:1597)
	at java.base/java.util.ArrayList.forEach(ArrayList.java:1597)
]]></failure>
  </testcase>
  <testcase name="testEquality_NonNumericInput1" classname="com.quantity.QuantityMeasurementAppTest" time="0.004"/>
  <testcase name="testEquality_NullComparison1" classname="com.quantity.QuantityMeasurementAppTest" time="0.001"/>
  <testcase name="testEquality_FloatingPointPrecision" classname="com.quantity.QuantityMeasurementAppTest" time="0.004">
    <failure message="Values equal within floating precision should be equal ==&gt; expected: &lt;com.quantity.QuantityMeasurement$Inches@3ff00000&gt; but was: &lt;com.quantity.QuantityMeasurement$Inches@3ff00005&gt;" type="org.opentest4j.AssertionFailedError"><![CDATA[org.opentest4j.AssertionFailedError: Values equal within floating precision should be equal ==> expected: <com.quantity.QuantityMeasurement$Inches@3ff00000> but was: <com.quantity.QuantityMeasurement$Inches@3ff00005>
	at org.junit.jupiter.api.AssertionFailureBuilder.build(AssertionFailureBuilder.java:151)
	at org.junit.jupiter.api.AssertionFailureBuilder.buildAndThrow(AssertionFailureBuilder.java:132)
	at org.junit.jupiter.api.AssertEquals.failNotEqual(AssertEquals.java:197)
	at org.junit.jupiter.api.AssertEquals.assertEquals(AssertEquals.java:182)
	at org.junit.jupiter.api.Assertions.assertEquals(Assertions.java:1156)
	at com.quantity.QuantityMeasurementAppTest.testEquality_FloatingPointPrecision(QuantityMeasurementAppTest.java:112)
	at java.base/java.lang.reflect.Method.invoke(Method.java:580)
	at java.base/java.util.ArrayList.forEach(ArrayList.java:1597)
	at java.base/java.util.ArrayList.forEach(ArrayList.java:1597)
]]></failure>
  </testcase>
  <testcase name="testEquality_SameValue" classname="com.quantity.QuantityMeasurementAppTest" time="0.002"/>
  <testcase name="testEquality_DifferentValue1" classname="com.quantity.QuantityMeasurementAppTest" time="0.002"/>
  <testcase name="testEquality_DifferentValue" classname="com.quantity.QuantityMeasurementAppTest" time="0.001"/>
  <testcase name="testEquality_SameReference" classname="com.quantity.QuantityMeasurementAppTest" time="0.001"/>
  <testcase name="testEquality_NullComparison" classname="com.quantity.QuantityMeasurementAppTest" time="0.001"/>
  <testcase name="testEquality_SameValue1" classname="com.quantity.QuantityMeasurementAppTest" time="0.0"/>
  <testcase name="testEquality_SameReference1" classname="com.quantity.QuantityMeasurementAppTest" time="0.001"/>
  <testcase name="testEquality_TypeSafety" classname="com.quantity.QuantityMeasurementAppTest" time="0.001"/>
</testsuite>